Arguments: 
  /usr/local/bin/node /usr/local/bin/yarn add react-route-dom

PATH: 
  /Users/kouki/.pyenv/shims:/usr/local/bin:/usr/bin:/bin:/usr/sbin:/sbin:/usr/local/share/dotnet:~/.dotnet/tools:/Library/Apple/usr/bin:/Library/Frameworks/Mono.framework/Versions/Current/Commands:/Users/kouki/google-cloud-sdk/bin:/Users/kouki/.pyenv/bin
  
  eval export PATH="/Users/kouki/.pyenv/plugins/pyenv-virtualenv/shims:${PATH}";
  export PYENV_VIRTUALENV_INIT=1;
  _pyenv_virtualenv_hook() {
    local ret=$?
    if [ -n "$VIRTUAL_ENV" ]; then
      eval "$(pyenv sh-activate --quiet || pyenv sh-deactivate --quiet || true)" || true
    else
      eval "$(pyenv sh-activate --quiet || true)" || true
    fi
    return $ret
  };
  if ! [[ "$PROMPT_COMMAND" =~ _pyenv_virtualenv_hook ]]; then
    PROMPT_COMMAND="_pyenv_virtualenv_hook;$PROMPT_COMMAND";
  fi

Yarn version: 
  1.22.4

Node version: 
  12.14.1

Platform: 
  darwin x64

Trace: 
  Error: https://registry.yarnpkg.com/react-route-dom: Not found
      at Request.params.callback [as _callback] (/usr/local/lib/node_modules/yarn/lib/cli.js:66987:18)
      at Request.self.callback (/usr/local/lib/node_modules/yarn/lib/cli.js:140748:22)
      at Request.emit (events.js:223:5)
      at Request.<anonymous> (/usr/local/lib/node_modules/yarn/lib/cli.js:141720:10)
      at Request.emit (events.js:223:5)
      at IncomingMessage.<anonymous> (/usr/local/lib/node_modules/yarn/lib/cli.js:141642:12)
      at Object.onceWrapper (events.js:312:28)
      at IncomingMessage.emit (events.js:228:7)
      at endReadableNT (_stream_readable.js:1185:12)
      at processTicksAndRejections (internal/process/task_queues.js:81:21)

npm manifest: 
  No manifest

yarn manifest: 
  No manifest

Lockfile: 
  No lockfile
